<?xml version="1.0" encoding="UTF-8"?>
<testng-results ignored="0" total="2" passed="2" failed="0" skipped="0">
  <reporter-output>
  </reporter-output>
  <suite started-at="2021-05-31T14:33:35Z" name="Data Driven Basics" finished-at="2021-05-31T14:33:39Z" duration-ms="3909">
    <groups>
    </groups>
    <test started-at="2021-05-31T14:33:35Z" name="Bank Manager Login Test" finished-at="2021-05-31T14:33:36Z" duration-ms="267">
      <class name="com.croma.testcases.BankManagerLoginTest">
        <test-method signature="loginAsBankManager()[pri:0, instance:com.croma.testcases.BankManagerLoginTest@38831718]" started-at="2021-05-31T20:03:36Z" name="loginAsBankManager" finished-at="2021-05-31T20:03:36Z" duration-ms="229" status="PASS">
          <reporter-output>
          </reporter-output>
        </test-method> <!-- loginAsBankManager -->
      </class> <!-- com.croma.testcases.BankManagerLoginTest -->
    </test> <!-- Bank Manager Login Test -->
    <test started-at="2021-05-31T14:33:36Z" name="Add Customer Test" finished-at="2021-05-31T14:33:39Z" duration-ms="3573">
      <class name="com.croma.testcases.AddCustomerTest">
        <test-method is-config="true" signature="setup()[pri:0, instance:com.croma.testcases.AddCustomerTest@e54303]" started-at="2021-05-31T20:03:28Z" name="setup" finished-at="2021-05-31T20:03:35Z" duration-ms="7898" status="PASS">
          <reporter-output>
          </reporter-output>
        </test-method> <!-- setup -->
        <test-method signature="addCutomer(java.lang.String, java.lang.String, java.lang.String, java.lang.String)[pri:0, instance:com.croma.testcases.AddCustomerTest@e54303]" started-at="2021-05-31T20:03:36Z" name="addCutomer" data-provider="getData" finished-at="2021-05-31T20:03:39Z" duration-ms="3540" status="PASS">
          <params>
            <param index="0">
              <value>
                <![CDATA[Anuj]]>
              </value>
            </param>
            <param index="1">
              <value>
                <![CDATA[Pandey]]>
              </value>
            </param>
            <param index="2">
              <value>
                <![CDATA[A234wd]]>
              </value>
            </param>
            <param index="3">
              <value>
                <![CDATA[Customer added successfully]]>
              </value>
            </param>
          </params>
          <reporter-output>
          </reporter-output>
        </test-method> <!-- addCutomer -->
        <test-method is-config="true" signature="tearDown()[pri:0, instance:com.croma.testcases.AddCustomerTest@e54303]" started-at="2021-05-31T20:03:39Z" name="tearDown" finished-at="2021-05-31T20:03:39Z" duration-ms="0" status="PASS">
          <reporter-output>
          </reporter-output>
        </test-method> <!-- tearDown -->
      </class> <!-- com.croma.testcases.AddCustomerTest -->
    </test> <!-- Add Customer Test -->
  </suite> <!-- Data Driven Basics -->
</testng-results>
