<?xml version="1.0" encoding="UTF-8"?>
<testng-results ignored="1" total="1" passed="0" failed="0" skipped="0">
  <reporter-output>
  </reporter-output>
  <suite started-at="2021-05-21T16:09:00Z" name="Default suite" finished-at="2021-05-21T16:09:00Z" duration-ms="8">
    <groups>
    </groups>
    <test started-at="2021-05-21T16:09:00Z" name="Default test" finished-at="2021-05-21T16:09:00Z" duration-ms="8">
      <class name="com.croma.testng.TestExample">
        <test-method is-config="true" signature="beforeSuite()[pri:0, instance:com.croma.testng.TestExample@394df057]" started-at="2021-05-21T16:09:00Z" name="beforeSuite" finished-at="2021-05-21T16:09:00Z" duration-ms="25" status="PASS">
          <reporter-output>
          </reporter-output>
        </test-method> <!-- beforeSuite -->
        <test-method is-config="true" signature="beforeTest()[pri:0, instance:com.croma.testng.TestExample@394df057]" started-at="2021-05-21T16:09:00Z" name="beforeTest" finished-at="2021-05-21T16:09:00Z" duration-ms="1" status="PASS">
          <reporter-output>
          </reporter-output>
        </test-method> <!-- beforeTest -->
        <test-method is-config="true" signature="afterTest()[pri:0, instance:com.croma.testng.TestExample@394df057]" started-at="2021-05-21T16:09:00Z" name="afterTest" finished-at="2021-05-21T16:09:00Z" duration-ms="1" status="PASS">
          <reporter-output>
          </reporter-output>
        </test-method> <!-- afterTest -->
        <test-method is-config="true" signature="afterSuite()[pri:0, instance:com.croma.testng.TestExample@394df057]" started-at="2021-05-21T16:09:00Z" name="afterSuite" finished-at="2021-05-21T16:09:00Z" duration-ms="0" status="PASS">
          <reporter-output>
          </reporter-output>
        </test-method> <!-- afterSuite -->
      </class> <!-- com.croma.testng.TestExample -->
    </test> <!-- Default test -->
  </suite> <!-- Default suite -->
</testng-results>
