<?xml version="1.0" encoding="UTF-8"?>
<!-- Generated by org.testng.reporters.JUnitXMLReporter -->
<testsuite ignored="4" hostname="LAPTOP-8RCNRL5N" failures="0" tests="0" time="0.012" errors="0" timestamp="2021-05-03T18:41:25 IST">
  <testcase classname="com.croma.testng.GmailTest" name="LoginTest" time="0.0">
    <ignored/>
  </testcase> <!-- LoginTest -->
  <testcase classname="com.croma.testng.GmailTest" name="a_method" time="0.0">
    <ignored/>
  </testcase> <!-- a_method -->
  <testcase classname="com.croma.testng.GmailTest" name="b_method" time="0.0">
    <ignored/>
  </testcase> <!-- b_method -->
  <testcase classname="com.croma.testng.GmailTest" name="LogoutTest" time="0.0">
    <ignored/>
  </testcase> <!-- LogoutTest -->
</testsuite>
