<?xml version="1.0" encoding="UTF-8"?>
<!-- Generated by org.testng.reporters.JUnitXMLReporter -->
<testsuite ignored="0" hostname="LAPTOP-8RCNRL5N" failures="0" tests="4" name="Regression" time="0.075" errors="0" timestamp="2021-05-03T18:24:59 IST">
  <testcase classname="com.croma.testng.GmailTest" name="LoginTest" time="0.009"/>
  <testcase classname="com.croma.testng.GmailTest" name="LogoutTest" time="0.001"/>
  <testcase classname="com.croma.testng.NewTest" name="testCase1" time="0.002"/>
  <testcase classname="com.croma.testng.NewTest" name="testCase2" time="0.002"/>
</testsuite> <!-- Regression -->
