<?xml version="1.0" encoding="UTF-8"?>
<!-- Generated by org.testng.reporters.JUnitXMLReporter -->
<testsuite ignored="1" hostname="LAPTOP-8RCNRL5N" failures="2" tests="2" name="ToolsQA" time="0.081" errors="0" timestamp="2021-05-03T19:39:26 IST">
  <testcase classname="com.croma.testng.GetTitle" name="checkTitle" time="0.011">
    <failure type="java.lang.NullPointerException">
      <![CDATA[java.lang.NullPointerException
at com.croma.testng.GetTitle.checkTitle(GetTitle.java:36)
at java.base/java.util.ArrayList.forEach(ArrayList.java:1541)
... Removed 27 stack frames]]>
    </failure>
  </testcase> <!-- checkTitle -->
  <testcase classname="com.croma.testng.GetTitle" name="click_element" time="0.007">
    <failure type="java.lang.NullPointerException">
      <![CDATA[java.lang.NullPointerException
at com.croma.testng.GetTitle.click_element(GetTitle.java:42)
at java.base/java.util.ArrayList.forEach(ArrayList.java:1541)
... Removed 27 stack frames]]>
    </failure>
  </testcase> <!-- click_element -->
  <testcase classname="com.croma.testng.GetTitle" name="starting_point" time="0.0">
    <ignored/>
  </testcase> <!-- starting_point -->
</testsuite> <!-- ToolsQA -->
