<?xml version="1.0" encoding="UTF-8"?>
<!-- Generated by org.testng.reporters.JUnitXMLReporter -->
<testsuite ignored="0" hostname="LAPTOP-8RCNRL5N" failures="0" tests="3" name="Default test" time="11.158" errors="0" timestamp="13 May 2021 17:02:46 GMT">
  <testcase classname="com.croma.listnersnew.TestNGListnerDemo" name="test1" time="0.017"/>
  <testcase classname="com.croma.listnersnew.TestNGListnerDemo" name="test2" time="11.09"/>
  <testcase classname="com.croma.listnersnew.TestNGListnerDemo" name="test3" time="0.002"/>
</testsuite> <!-- Default test -->
