<?xml version="1.0" encoding="UTF-8"?>
<!-- Generated by org.testng.reporters.JUnitXMLReporter -->
<testsuite ignored="0" hostname="LAPTOP-8RCNRL5N" failures="0" tests="4" name="add" time="0.074" errors="0" timestamp="06 May 2021 07:40:41 GMT">
  <testcase classname="com.croma.testng.CalculatorFeature" name="add" time="0.021"/>
  <testcase classname="com.croma.testng.CalculatorFeature" name="div" time="0.002"/>
  <testcase classname="com.croma.testng.CalculatorFeature" name="mult" time="0.002"/>
  <testcase classname="com.croma.testng.CalculatorFeature" name="sub" time="0.002"/>
</testsuite> <!-- add -->
