<?xml version="1.0" encoding="UTF-8"?>
<!-- Generated by org.testng.reporters.JUnitXMLReporter -->
<testsuite ignored="0" hostname="LAPTOP-8RCNRL5N" failures="0" tests="4" name="Calculator" time="0.07" errors="0" timestamp="06 May 2021 13:25:32 GMT">
  <testcase classname="com.croma.testng.CalculatorFeature" name="add" time="0.016"/>
  <testcase classname="com.croma.testng.CalculatorFeature" name="div" time="0.002"/>
  <testcase classname="com.croma.testng.CalculatorFeature" name="mult" time="0.003"/>
  <testcase classname="com.croma.testng.CalculatorFeature" name="sub" time="0.001"/>
</testsuite> <!-- Calculator -->
