<?xml version="1.0" encoding="UTF-8"?>
<!-- Generated by org.testng.reporters.JUnitXMLReporter -->
<testsuite ignored="1" hostname="LAPTOP-8RCNRL5N" failures="2" tests="2" name="ToolsQA" time="0.024" errors="0" timestamp="08 May 2021 14:11:01 GMT">
  <testcase classname="com.croma.testng.GroupExmp" name="checkTitle" time="0.002">
    <failure type="java.lang.NullPointerException">
      <![CDATA[java.lang.NullPointerException
at com.croma.testng.GroupExmp.checkTitle(GroupExmp.java:32)
... Removed 25 stack frames]]>
    </failure>
  </testcase> <!-- checkTitle -->
  <testcase classname="com.croma.testng.GroupExmp" name="click_element" time="0.011">
    <failure type="java.lang.NullPointerException">
      <![CDATA[java.lang.NullPointerException
at com.croma.testng.GroupExmp.click_element(GroupExmp.java:39)
... Removed 25 stack frames]]>
    </failure>
  </testcase> <!-- click_element -->
  <testcase classname="com.croma.testng.GroupExmp" name="starting_point" time="0.0">
    <ignored/>
  </testcase> <!-- starting_point -->
</testsuite> <!-- ToolsQA -->
